
*** Running vivado
    with args -log system_axi_gpio_0_0.vds -m64 -product Vivado -mode batch -messageDb vivado.pb -notrace -source system_axi_gpio_0_0.tcl


****** Vivado v2017.2 (64-bit)
  **** SW Build 1909853 on Thu Jun 15 18:39:09 MDT 2017
  **** IP Build 1909766 on Thu Jun 15 19:58:00 MDT 2017
    ** Copyright 1986-2017 Xilinx, Inc. All Rights Reserved.

source system_axi_gpio_0_0.tcl -notrace
Starting RTL Elaboration : Time (s): cpu = 00:00:13 ; elapsed = 00:00:15 . Memory (MB): peak = 316.309 ; gain = 79.109
INFO: [Synth 8-638] synthesizing module 'system_axi_gpio_0_0' [f:/AU/ERTS/vivado_workspace/lab1_third_attempt/lab1_third_attempt.srcs/sources_1/bd/system/ip/system_axi_gpio_0_0/synth/system_axi_gpio_0_0.vhd:84]
INFO: [Synth 8-638] synthesizing module 'axi_gpio' [f:/AU/ERTS/vivado_workspace/lab1_third_attempt/lab1_third_attempt.srcs/sources_1/bd/system/ipshared/cb07/hdl/axi_gpio_v2_0_vh_rfs.vhd:1257]
INFO: [Synth 8-638] synthesizing module 'axi_lite_ipif' [f:/AU/ERTS/vivado_workspace/lab1_third_attempt/lab1_third_attempt.srcs/sources_1/bd/system/ipshared/0ba0/hdl/axi_lite_ipif_v3_0_vh_rfs.vhd:2948]
INFO: [Synth 8-638] synthesizing module 'slave_attachment' [f:/AU/ERTS/vivado_workspace/lab1_third_attempt/lab1_third_attempt.srcs/sources_1/bd/system/ipshared/0ba0/hdl/axi_lite_ipif_v3_0_vh_rfs.vhd:2341]
INFO: [Synth 8-638] synthesizing module 'address_decoder' [f:/AU/ERTS/vivado_workspace/lab1_third_attempt/lab1_third_attempt.srcs/sources_1/bd/system/ipshared/0ba0/hdl/axi_lite_ipif_v3_0_vh_rfs.vhd:1775]
INFO: [Synth 8-638] synthesizing module 'pselect_f' [f:/AU/ERTS/vivado_workspace/lab1_third_attempt/lab1_third_attempt.srcs/sources_1/bd/system/ipshared/0ba0/hdl/axi_lite_ipif_v3_0_vh_rfs.vhd:1534]
INFO: [Synth 8-256] done synthesizing module 'pselect_f' (1#1) [f:/AU/ERTS/vivado_workspace/lab1_third_attempt/lab1_third_attempt.srcs/sources_1/bd/system/ipshared/0ba0/hdl/axi_lite_ipif_v3_0_vh_rfs.vhd:1534]
INFO: [Synth 8-638] synthesizing module 'pselect_f__parameterized0' [f:/AU/ERTS/vivado_workspace/lab1_third_attempt/lab1_third_attempt.srcs/sources_1/bd/system/ipshared/0ba0/hdl/axi_lite_ipif_v3_0_vh_rfs.vhd:1534]
INFO: [Synth 8-256] done synthesizing module 'pselect_f__parameterized0' (1#1) [f:/AU/ERTS/vivado_workspace/lab1_third_attempt/lab1_third_attempt.srcs/sources_1/bd/system/ipshared/0ba0/hdl/axi_lite_ipif_v3_0_vh_rfs.vhd:1534]
INFO: [Synth 8-638] synthesizing module 'pselect_f__parameterized1' [f:/AU/ERTS/vivado_workspace/lab1_third_attempt/lab1_third_attempt.srcs/sources_1/bd/system/ipshared/0ba0/hdl/axi_lite_ipif_v3_0_vh_rfs.vhd:1534]
INFO: [Synth 8-256] done synthesizing module 'pselect_f__parameterized1' (1#1) [f:/AU/ERTS/vivado_workspace/lab1_third_attempt/lab1_third_attempt.srcs/sources_1/bd/system/ipshared/0ba0/hdl/axi_lite_ipif_v3_0_vh_rfs.vhd:1534]
INFO: [Synth 8-638] synthesizing module 'pselect_f__parameterized2' [f:/AU/ERTS/vivado_workspace/lab1_third_attempt/lab1_third_attempt.srcs/sources_1/bd/system/ipshared/0ba0/hdl/axi_lite_ipif_v3_0_vh_rfs.vhd:1534]
INFO: [Synth 8-256] done synthesizing module 'pselect_f__parameterized2' (1#1) [f:/AU/ERTS/vivado_workspace/lab1_third_attempt/lab1_third_attempt.srcs/sources_1/bd/system/ipshared/0ba0/hdl/axi_lite_ipif_v3_0_vh_rfs.vhd:1534]
INFO: [Synth 8-256] done synthesizing module 'address_decoder' (2#1) [f:/AU/ERTS/vivado_workspace/lab1_third_attempt/lab1_third_attempt.srcs/sources_1/bd/system/ipshared/0ba0/hdl/axi_lite_ipif_v3_0_vh_rfs.vhd:1775]
INFO: [Synth 8-256] done synthesizing module 'slave_attachment' (3#1) [f:/AU/ERTS/vivado_workspace/lab1_third_attempt/lab1_third_attempt.srcs/sources_1/bd/system/ipshared/0ba0/hdl/axi_lite_ipif_v3_0_vh_rfs.vhd:2341]
INFO: [Synth 8-256] done synthesizing module 'axi_lite_ipif' (4#1) [f:/AU/ERTS/vivado_workspace/lab1_third_attempt/lab1_third_attempt.srcs/sources_1/bd/system/ipshared/0ba0/hdl/axi_lite_ipif_v3_0_vh_rfs.vhd:2948]
INFO: [Synth 8-638] synthesizing module 'GPIO_Core' [f:/AU/ERTS/vivado_workspace/lab1_third_attempt/lab1_third_attempt.srcs/sources_1/bd/system/ipshared/cb07/hdl/axi_gpio_v2_0_vh_rfs.vhd:177]
INFO: [Synth 8-638] synthesizing module 'cdc_sync' [f:/AU/ERTS/vivado_workspace/lab1_third_attempt/lab1_third_attempt.srcs/sources_1/bd/system/ipshared/52cb/hdl/lib_cdc_v1_0_rfs.vhd:106]
INFO: [Synth 8-256] done synthesizing module 'cdc_sync' (5#1) [f:/AU/ERTS/vivado_workspace/lab1_third_attempt/lab1_third_attempt.srcs/sources_1/bd/system/ipshared/52cb/hdl/lib_cdc_v1_0_rfs.vhd:106]
INFO: [Synth 8-256] done synthesizing module 'GPIO_Core' (6#1) [f:/AU/ERTS/vivado_workspace/lab1_third_attempt/lab1_third_attempt.srcs/sources_1/bd/system/ipshared/cb07/hdl/axi_gpio_v2_0_vh_rfs.vhd:177]
INFO: [Synth 8-256] done synthesizing module 'axi_gpio' (7#1) [f:/AU/ERTS/vivado_workspace/lab1_third_attempt/lab1_third_attempt.srcs/sources_1/bd/system/ipshared/cb07/hdl/axi_gpio_v2_0_vh_rfs.vhd:1257]
INFO: [Synth 8-256] done synthesizing module 'system_axi_gpio_0_0' (8#1) [f:/AU/ERTS/vivado_workspace/lab1_third_attempt/lab1_third_attempt.srcs/sources_1/bd/system/ip/system_axi_gpio_0_0/synth/system_axi_gpio_0_0.vhd:84]
Finished RTL Elaboration : Time (s): cpu = 00:00:14 ; elapsed = 00:00:17 . Memory (MB): peak = 357.641 ; gain = 120.441
Finished RTL Optimization Phase 1 : Time (s): cpu = 00:00:14 ; elapsed = 00:00:17 . Memory (MB): peak = 357.641 ; gain = 120.441
INFO: [Device 21-403] Loading part xc7z010clg400-1
Constraint Validation Runtime : Time (s): cpu = 00:00:00 ; elapsed = 00:00:00.018 . Memory (MB): peak = 659.609 ; gain = 0.000
Finished Constraint Validation : Time (s): cpu = 00:00:41 ; elapsed = 00:00:46 . Memory (MB): peak = 659.609 ; gain = 422.410
Finished Loading Part and Timing Information : Time (s): cpu = 00:00:41 ; elapsed = 00:00:46 . Memory (MB): peak = 659.609 ; gain = 422.410
Finished applying 'set_property' XDC Constraints : Time (s): cpu = 00:00:41 ; elapsed = 00:00:46 . Memory (MB): peak = 659.609 ; gain = 422.410
Finished RTL Optimization Phase 2 : Time (s): cpu = 00:00:42 ; elapsed = 00:00:47 . Memory (MB): peak = 659.609 ; gain = 422.410
Finished Cross Boundary and Area Optimization : Time (s): cpu = 00:00:44 ; elapsed = 00:00:49 . Memory (MB): peak = 659.609 ; gain = 422.410
Finished Applying XDC Timing Constraints : Time (s): cpu = 00:01:16 ; elapsed = 00:01:22 . Memory (MB): peak = 659.609 ; gain = 422.410
Finished Timing Optimization : Time (s): cpu = 00:01:16 ; elapsed = 00:01:22 . Memory (MB): peak = 659.609 ; gain = 422.410
Finished Technology Mapping : Time (s): cpu = 00:01:16 ; elapsed = 00:01:23 . Memory (MB): peak = 659.609 ; gain = 422.410
Finished IO Insertion : Time (s): cpu = 00:01:18 ; elapsed = 00:01:24 . Memory (MB): peak = 659.609 ; gain = 422.410
Finished Renaming Generated Instances : Time (s): cpu = 00:01:18 ; elapsed = 00:01:24 . Memory (MB): peak = 659.609 ; gain = 422.410
Finished Rebuilding User Hierarchy : Time (s): cpu = 00:01:18 ; elapsed = 00:01:24 . Memory (MB): peak = 659.609 ; gain = 422.410
Finished Renaming Generated Ports : Time (s): cpu = 00:01:18 ; elapsed = 00:01:24 . Memory (MB): peak = 659.609 ; gain = 422.410
Finished Handling Custom Attributes : Time (s): cpu = 00:01:18 ; elapsed = 00:01:24 . Memory (MB): peak = 659.609 ; gain = 422.410
Finished Renaming Generated Nets : Time (s): cpu = 00:01:18 ; elapsed = 00:01:24 . Memory (MB): peak = 659.609 ; gain = 422.410

Report Cell Usage: 
+------+-----+------+
|      |Cell |Count |
+------+-----+------+
|1     |LUT1 |     2|
|2     |LUT2 |     5|
|3     |LUT3 |     4|
|4     |LUT4 |     7|
|5     |LUT5 |    11|
|6     |LUT6 |    10|
|7     |FDR  |    16|
|8     |FDRE |    41|
|9     |FDSE |     4|
+------+-----+------+
Finished Writing Synthesis Report : Time (s): cpu = 00:01:18 ; elapsed = 00:01:24 . Memory (MB): peak = 659.609 ; gain = 422.410
synth_design: Time (s): cpu = 00:01:20 ; elapsed = 00:01:28 . Memory (MB): peak = 659.609 ; gain = 431.180
